<?xml version="1.0" encoding="UTF-8"?>
<!-- Generated by org.testng.reporters.JUnitXMLReporter -->
<testsuite hostname="Sony-PC" name="Default test" tests="3" failures="0" timestamp="3 Mar 2016 11:27:16 GMT" time="0.07" errors="0">
  <testcase name="searchTest" time="0.028" classname="pack1.SampleTest"/>
  <testcase name="advSearchTest" time="0.002" classname="pack1.SampleTest"/>
  <testcase name="buyProductsTest" time="0.001" classname="pack1.SampleTest"/>
</testsuite> <!-- Default test -->
