<?xml version="1.0" encoding="UTF-8"?>
<testng-results skipped="0" failed="0" total="1" passed="1">
  <reporter-output>
  </reporter-output>
  <suite name="Default suite" duration-ms="1613" started-at="2016-03-18T18:36:11Z" finished-at="2016-03-18T18:36:13Z">
    <groups>
    </groups>
    <test name="Default test" duration-ms="1613" started-at="2016-03-18T18:36:11Z" finished-at="2016-03-18T18:36:13Z">
      <class name="practice.ReadAllVAlues">
        <test-method status="PASS" signature="readingAllValues()[pri:0, instance:practice.ReadAllVAlues@173940bb]" name="readingAllValues" duration-ms="1576" started-at="2016-03-19T00:06:11Z" finished-at="2016-03-19T00:06:13Z">
          <reporter-output>
          </reporter-output>
        </test-method> <!-- readingAllValues -->
      </class> <!-- practice.ReadAllVAlues -->
    </test> <!-- Default test -->
  </suite> <!-- Default suite -->
</testng-results>
