<?xml version="1.0" encoding="UTF-8"?>
<!-- Generated by org.testng.reporters.JUnitXMLReporter -->
<testsuite hostname="Sony-PC" name="Test" tests="6" failures="0" timestamp="3 Mar 2016 12:59:28 GMT" time="0.111" errors="0">
  <testcase name="accountBalanceTest" time="0.03" classname="pack2.ExampleTest"/>
  <testcase name="accountSummaryTest" time="0.002" classname="pack2.ExampleTest"/>
  <testcase name="accountTransferTest" time="0.002" classname="pack2.ExampleTest"/>
  <testcase name="advSearchTest" time="0.001" classname="pack1.SampleTest"/>
  <testcase name="buyProductsTest" time="0.002" classname="pack1.SampleTest"/>
  <testcase name="searchTest" time="0.002" classname="pack1.SampleTest"/>
</testsuite> <!-- Test -->
