<?xml version="1.0" encoding="UTF-8"?>
<testng-results skipped="0" failed="0" total="6" passed="6">
  <reporter-output>
  </reporter-output>
  <suite name="Suite" duration-ms="111" started-at="2016-03-03T12:59:28Z" finished-at="2016-03-03T12:59:28Z">
    <groups>
      <group name="regression">
        <method signature="ExampleTest.accountTransferTest()[pri:0, instance:pack2.ExampleTest@51504155]" name="accountTransferTest" class="pack2.ExampleTest"/>
        <method signature="SampleTest.searchTest()[pri:0, instance:pack1.SampleTest@6bf15d27]" name="searchTest" class="pack1.SampleTest"/>
      </group> <!-- regression -->
      <group name="sanity">
        <method signature="ExampleTest.accountBalanceTest()[pri:0, instance:pack2.ExampleTest@51504155]" name="accountBalanceTest" class="pack2.ExampleTest"/>
        <method signature="ExampleTest.accountSummaryTest()[pri:0, instance:pack2.ExampleTest@51504155]" name="accountSummaryTest" class="pack2.ExampleTest"/>
        <method signature="SampleTest.buyProductsTest()[pri:0, instance:pack1.SampleTest@6bf15d27]" name="buyProductsTest" class="pack1.SampleTest"/>
      </group> <!-- sanity -->
      <group name=" regression ">
        <method signature="SampleTest.advSearchTest()[pri:0, instance:pack1.SampleTest@6bf15d27]" name="advSearchTest" class="pack1.SampleTest"/>
      </group> <!--  regression  -->
    </groups>
    <test name="Test" duration-ms="111" started-at="2016-03-03T12:59:28Z" finished-at="2016-03-03T12:59:28Z">
      <class name="pack1.SampleTest">
        <test-method status="PASS" signature="loginTest()[pri:0, instance:pack1.SampleTest@6bf15d27]" name="loginTest" is-config="true" duration-ms="3" started-at="2016-03-03T18:29:28Z" finished-at="2016-03-03T18:29:28Z">
          <reporter-output>
          </reporter-output>
        </test-method> <!-- loginTest -->
        <test-method status="PASS" signature="advSearchTest()[pri:0, instance:pack1.SampleTest@6bf15d27]" name="advSearchTest" duration-ms="1" started-at="2016-03-03T18:29:28Z" finished-at="2016-03-03T18:29:28Z">
          <reporter-output>
          </reporter-output>
        </test-method> <!-- advSearchTest -->
        <test-method status="PASS" signature="logoutTest()[pri:0, instance:pack1.SampleTest@6bf15d27]" name="logoutTest" is-config="true" duration-ms="1" started-at="2016-03-03T18:29:28Z" finished-at="2016-03-03T18:29:28Z">
          <reporter-output>
          </reporter-output>
        </test-method> <!-- logoutTest -->
        <test-method status="PASS" signature="loginTest()[pri:0, instance:pack1.SampleTest@6bf15d27]" name="loginTest" is-config="true" duration-ms="1" started-at="2016-03-03T18:29:28Z" finished-at="2016-03-03T18:29:28Z">
          <reporter-output>
          </reporter-output>
        </test-method> <!-- loginTest -->
        <test-method status="PASS" signature="buyProductsTest()[pri:0, instance:pack1.SampleTest@6bf15d27]" name="buyProductsTest" duration-ms="2" started-at="2016-03-03T18:29:28Z" finished-at="2016-03-03T18:29:28Z">
          <reporter-output>
          </reporter-output>
        </test-method> <!-- buyProductsTest -->
        <test-method status="PASS" signature="logoutTest()[pri:0, instance:pack1.SampleTest@6bf15d27]" name="logoutTest" is-config="true" duration-ms="1" started-at="2016-03-03T18:29:28Z" finished-at="2016-03-03T18:29:28Z">
          <reporter-output>
          </reporter-output>
        </test-method> <!-- logoutTest -->
        <test-method status="PASS" signature="loginTest()[pri:0, instance:pack1.SampleTest@6bf15d27]" name="loginTest" is-config="true" duration-ms="1" started-at="2016-03-03T18:29:28Z" finished-at="2016-03-03T18:29:28Z">
          <reporter-output>
          </reporter-output>
        </test-method> <!-- loginTest -->
        <test-method status="PASS" signature="searchTest()[pri:0, instance:pack1.SampleTest@6bf15d27]" name="searchTest" duration-ms="2" started-at="2016-03-03T18:29:28Z" finished-at="2016-03-03T18:29:28Z">
          <reporter-output>
          </reporter-output>
        </test-method> <!-- searchTest -->
        <test-method status="PASS" signature="logoutTest()[pri:0, instance:pack1.SampleTest@6bf15d27]" name="logoutTest" is-config="true" duration-ms="1" started-at="2016-03-03T18:29:28Z" finished-at="2016-03-03T18:29:28Z">
          <reporter-output>
          </reporter-output>
        </test-method> <!-- logoutTest -->
      </class> <!-- pack1.SampleTest -->
      <class name="pack2.ExampleTest">
        <test-method status="PASS" signature="accountBalanceTest()[pri:0, instance:pack2.ExampleTest@51504155]" name="accountBalanceTest" duration-ms="30" started-at="2016-03-03T18:29:28Z" finished-at="2016-03-03T18:29:28Z">
          <reporter-output>
          </reporter-output>
        </test-method> <!-- accountBalanceTest -->
        <test-method status="PASS" signature="accountSummaryTest()[pri:0, instance:pack2.ExampleTest@51504155]" name="accountSummaryTest" duration-ms="2" started-at="2016-03-03T18:29:28Z" finished-at="2016-03-03T18:29:28Z">
          <reporter-output>
          </reporter-output>
        </test-method> <!-- accountSummaryTest -->
        <test-method status="PASS" signature="accountTransferTest()[pri:0, instance:pack2.ExampleTest@51504155]" name="accountTransferTest" duration-ms="2" started-at="2016-03-03T18:29:28Z" finished-at="2016-03-03T18:29:28Z">
          <reporter-output>
          </reporter-output>
        </test-method> <!-- accountTransferTest -->
      </class> <!-- pack2.ExampleTest -->
    </test> <!-- Test -->
  </suite> <!-- Suite -->
</testng-results>
