<?xml version="1.0" encoding="UTF-8"?>
<!-- Generated by org.testng.reporters.JUnitXMLReporter -->
<testsuite hostname="Sony-PC" name="Test" tests="5" failures="0" timestamp="3 Mar 2016 08:26:23 GMT" time="44.455" errors="0">
  <testcase name="logInTest" time="11.736" classname="demo.Login"/>
  <testcase name="logInUsingFirefoxTest" time="16.053" classname="demo.Login"/>
  <testcase name="testCase" time="0.002" classname="demo.Login"/>
  <testcase name="logInUsTest" time="16.612" classname="demo.LoginActitime"/>
  <testcase name="testCase" time="0.001" classname="demo.LoginActitime"/>
</testsuite> <!-- Test -->
