<?xml version="1.0" encoding="UTF-8"?>
<testng-results skipped="0" failed="0" total="2" passed="2">
  <reporter-output>
  </reporter-output>
  <suite name="Default suite" duration-ms="30234" started-at="2016-03-03T18:24:44Z" finished-at="2016-03-03T18:25:14Z">
    <groups>
    </groups>
    <test name="Default test" duration-ms="30234" started-at="2016-03-03T18:24:44Z" finished-at="2016-03-03T18:25:14Z">
      <class name="demo.LoginActitime">
        <test-method status="PASS" signature="logInUsTest()[pri:0, instance:demo.LoginActitime@2c677b56]" name="logInUsTest" duration-ms="30183" started-at="2016-03-03T23:54:44Z" finished-at="2016-03-03T23:55:14Z">
          <reporter-output>
          </reporter-output>
        </test-method> <!-- logInUsTest -->
        <test-method status="PASS" signature="testCase()[pri:0, instance:demo.LoginActitime@2c677b56]" name="testCase" duration-ms="2" started-at="2016-03-03T23:55:14Z" finished-at="2016-03-03T23:55:14Z">
          <reporter-output>
          </reporter-output>
        </test-method> <!-- testCase -->
      </class> <!-- demo.LoginActitime -->
    </test> <!-- Default test -->
  </suite> <!-- Default suite -->
</testng-results>
