<?xml version="1.0" encoding="UTF-8"?>
<testng-results skipped="0" failed="0" total="4" passed="4">
  <reporter-output>
  </reporter-output>
  <suite name="Suite" duration-ms="31237" started-at="2015-12-04T15:08:59Z" finished-at="2015-12-04T15:09:30Z">
    <groups>
    </groups>
    <test name="Test" duration-ms="31237" started-at="2015-12-04T15:08:59Z" finished-at="2015-12-04T15:09:30Z">
      <class name="com.acttime.customertest.CustomerTest">
        <test-method status="PASS" signature="configbeforeclass()[pri:0, instance:com.acttime.customertest.CustomerTest@d95bc3]" name="configbeforeclass" is-config="true" duration-ms="3302" started-at="2015-12-04T20:39:16Z" finished-at="2015-12-04T20:39:19Z">
          <reporter-output>
          </reporter-output>
        </test-method> <!-- configbeforeclass -->
        <test-method status="PASS" signature="configBeforeMtd()[pri:0, instance:com.acttime.customertest.CustomerTest@d95bc3]" name="configBeforeMtd" is-config="true" duration-ms="2085" started-at="2015-12-04T20:39:19Z" finished-at="2015-12-04T20:39:21Z">
          <reporter-output>
          </reporter-output>
        </test-method> <!-- configBeforeMtd -->
        <test-method status="PASS" signature="createCustomerTest()[pri:0, instance:com.acttime.customertest.CustomerTest@d95bc3]" name="createCustomerTest" duration-ms="2" started-at="2015-12-04T20:39:21Z" finished-at="2015-12-04T20:39:21Z">
          <reporter-output>
          </reporter-output>
        </test-method> <!-- createCustomerTest -->
        <test-method status="PASS" signature="configAfterMtd()[pri:0, instance:com.acttime.customertest.CustomerTest@d95bc3]" name="configAfterMtd" is-config="true" duration-ms="4273" started-at="2015-12-04T20:39:21Z" finished-at="2015-12-04T20:39:26Z">
          <reporter-output>
          </reporter-output>
        </test-method> <!-- configAfterMtd -->
        <test-method status="PASS" signature="configBeforeMtd()[pri:0, instance:com.acttime.customertest.CustomerTest@d95bc3]" name="configBeforeMtd" is-config="true" duration-ms="1016" started-at="2015-12-04T20:39:26Z" finished-at="2015-12-04T20:39:27Z">
          <reporter-output>
          </reporter-output>
        </test-method> <!-- configBeforeMtd -->
        <test-method status="PASS" signature="modifyCustomerTest()[pri:0, instance:com.acttime.customertest.CustomerTest@d95bc3]" name="modifyCustomerTest" duration-ms="2" started-at="2015-12-04T20:39:27Z" finished-at="2015-12-04T20:39:27Z">
          <reporter-output>
          </reporter-output>
        </test-method> <!-- modifyCustomerTest -->
        <test-method status="PASS" signature="configAfterMtd()[pri:0, instance:com.acttime.customertest.CustomerTest@d95bc3]" name="configAfterMtd" is-config="true" duration-ms="1401" started-at="2015-12-04T20:39:27Z" finished-at="2015-12-04T20:39:28Z">
          <reporter-output>
          </reporter-output>
        </test-method> <!-- configAfterMtd -->
        <test-method status="PASS" signature="configAfterClass()[pri:0, instance:com.acttime.customertest.CustomerTest@d95bc3]" name="configAfterClass" is-config="true" duration-ms="2301" started-at="2015-12-04T20:39:28Z" finished-at="2015-12-04T20:39:30Z">
          <reporter-output>
          </reporter-output>
        </test-method> <!-- configAfterClass -->
      </class> <!-- com.acttime.customertest.CustomerTest -->
      <class name="com.actitime.usertest.USerTest">
        <test-method status="PASS" signature="configbeforeclass()[pri:0, instance:com.actitime.usertest.USerTest@c67f69]" name="configbeforeclass" is-config="true" duration-ms="4511" started-at="2015-12-04T20:38:59Z" finished-at="2015-12-04T20:39:04Z">
          <reporter-output>
          </reporter-output>
        </test-method> <!-- configbeforeclass -->
        <test-method status="PASS" signature="configBeforeMtd()[pri:0, instance:com.actitime.usertest.USerTest@c67f69]" name="configBeforeMtd" is-config="true" duration-ms="2472" started-at="2015-12-04T20:39:04Z" finished-at="2015-12-04T20:39:06Z">
          <reporter-output>
          </reporter-output>
        </test-method> <!-- configBeforeMtd -->
        <test-method status="PASS" signature="createUserTest()[pri:0, instance:com.actitime.usertest.USerTest@c67f69]" name="createUserTest" duration-ms="5851" started-at="2015-12-04T20:39:06Z" finished-at="2015-12-04T20:39:12Z">
          <reporter-output>
          </reporter-output>
        </test-method> <!-- createUserTest -->
        <test-method status="PASS" signature="configAfterMtd()[pri:0, instance:com.actitime.usertest.USerTest@c67f69]" name="configAfterMtd" is-config="true" duration-ms="108" started-at="2015-12-04T20:39:12Z" finished-at="2015-12-04T20:39:12Z">
          <reporter-output>
          </reporter-output>
        </test-method> <!-- configAfterMtd -->
        <test-method status="PASS" signature="configBeforeMtd()[pri:0, instance:com.actitime.usertest.USerTest@c67f69]" name="configBeforeMtd" is-config="true" duration-ms="465" started-at="2015-12-04T20:39:12Z" finished-at="2015-12-04T20:39:13Z">
          <reporter-output>
          </reporter-output>
        </test-method> <!-- configBeforeMtd -->
        <test-method status="PASS" signature="modifyUSerTest()[pri:0, instance:com.actitime.usertest.USerTest@c67f69]" name="modifyUSerTest" duration-ms="2856" started-at="2015-12-04T20:39:13Z" finished-at="2015-12-04T20:39:15Z">
          <reporter-output>
          </reporter-output>
        </test-method> <!-- modifyUSerTest -->
        <test-method status="FAIL" signature="configAfterMtd()[pri:0, instance:com.actitime.usertest.USerTest@c67f69]" name="configAfterMtd" is-config="true" duration-ms="0" started-at="2015-12-04T20:39:15Z" finished-at="2015-12-04T20:39:15Z">
          <exception class="org.openqa.selenium.StaleElementReferenceException">
            <message>
              <![CDATA[stale element reference: element is not attached to the page document
  (Session info: chrome=46.0.2490.86)
  (Driver info: chromedriver=2.18.343845 (73dd713ba7fbfb73cbb514e62641d8c96a94682a),platform=Windows NT 6.1 x86) (WARNING: The server did not provide any stacktrace information)
Command duration or timeout: 14 milliseconds
For documentation on this error, please visit: http://seleniumhq.org/exceptions/stale_element_reference.html
Build info: version: '2.47.1', revision: '411b314', time: '2015-07-30 02:56:46'
System info: host: 'DEEPU-PC', ip: '127.0.0.1', os.name: 'Windows 7', os.arch: 'x86', os.version: '6.1', java.version: '1.7.0_25'
Session ID: f23952d84e6b92da43eb0087c2c6f037
Driver info: org.openqa.selenium.chrome.ChromeDriver
Capabilities [{platform=XP, acceptSslCerts=true, javascriptEnabled=true, browserName=chrome, chrome={userDataDir=C:\Users\DEEPU\AppData\Local\Temp\scoped_dir4160_26122}, rotatable=false, locationContextEnabled=true, mobileEmulationEnabled=false, version=46.0.2490.86, takesHeapSnapshot=true, cssSelectorsEnabled=true, databaseEnabled=false, handlesAlerts=true, browserConnectionEnabled=false, webStorageEnabled=true, nativeEvents=true, hasTouchScreen=false, applicationCacheEnabled=false, takesScreenshot=true}]]]>
            </message>
            <full-stacktrace>
              <![CDATA[org.openqa.selenium.StaleElementReferenceException: stale element reference: element is not attached to the page document
  (Session info: chrome=46.0.2490.86)
  (Driver info: chromedriver=2.18.343845 (73dd713ba7fbfb73cbb514e62641d8c96a94682a),platform=Windows NT 6.1 x86) (WARNING: The server did not provide any stacktrace information)
Command duration or timeout: 14 milliseconds
For documentation on this error, please visit: http://seleniumhq.org/exceptions/stale_element_reference.html
Build info: version: '2.47.1', revision: '411b314', time: '2015-07-30 02:56:46'
System info: host: 'DEEPU-PC', ip: '127.0.0.1', os.name: 'Windows 7', os.arch: 'x86', os.version: '6.1', java.version: '1.7.0_25'
Session ID: f23952d84e6b92da43eb0087c2c6f037
Driver info: org.openqa.selenium.chrome.ChromeDriver
Capabilities [{platform=XP, acceptSslCerts=true, javascriptEnabled=true, browserName=chrome, chrome={userDataDir=C:\Users\DEEPU\AppData\Local\Temp\scoped_dir4160_26122}, rotatable=false, locationContextEnabled=true, mobileEmulationEnabled=false, version=46.0.2490.86, takesHeapSnapshot=true, cssSelectorsEnabled=true, databaseEnabled=false, handlesAlerts=true, browserConnectionEnabled=false, webStorageEnabled=true, nativeEvents=true, hasTouchScreen=false, applicationCacheEnabled=false, takesScreenshot=true}]
	at sun.reflect.NativeConstructorAccessorImpl.newInstance0(Native Method)
	at sun.reflect.NativeConstructorAccessorImpl.newInstance(NativeConstructorAccessorImpl.java:57)
	at sun.reflect.DelegatingConstructorAccessorImpl.newInstance(DelegatingConstructorAccessorImpl.java:45)
	at java.lang.reflect.Constructor.newInstance(Constructor.java:526)
	at org.openqa.selenium.remote.ErrorHandler.createThrowable(ErrorHandler.java:206)
	at org.openqa.selenium.remote.ErrorHandler.throwIfResponseFailed(ErrorHandler.java:158)
	at org.openqa.selenium.remote.RemoteWebDriver.execute(RemoteWebDriver.java:595)
	at org.openqa.selenium.remote.RemoteWebElement.execute(RemoteWebElement.java:273)
	at org.openqa.selenium.remote.RemoteWebElement.click(RemoteWebElement.java:84)
	at sun.reflect.NativeMethodAccessorImpl.invoke0(Native Method)
	at sun.reflect.NativeMethodAccessorImpl.invoke(NativeMethodAccessorImpl.java:57)
	at sun.reflect.DelegatingMethodAccessorImpl.invoke(DelegatingMethodAccessorImpl.java:43)
	at java.lang.reflect.Method.invoke(Method.java:606)
	at org.openqa.selenium.support.pagefactory.internal.LocatingElementHandler.invoke(LocatingElementHandler.java:51)
	at com.sun.proxy.$Proxy10.click(Unknown Source)
	at com.acttime.pageobjectrepository.Common.logout(Common.java:14)
	at com.actitime.usertest.USerTest.configAfterMtd(USerTest.java:109)
	at sun.reflect.NativeMethodAccessorImpl.invoke0(Native Method)
	at sun.reflect.NativeMethodAccessorImpl.invoke(NativeMethodAccessorImpl.java:57)
	at sun.reflect.DelegatingMethodAccessorImpl.invoke(DelegatingMethodAccessorImpl.java:43)
	at java.lang.reflect.Method.invoke(Method.java:606)
	at org.testng.internal.MethodInvocationHelper.invokeMethod(MethodInvocationHelper.java:84)
	at org.testng.internal.Invoker.invokeConfigurationMethod(Invoker.java:564)
	at org.testng.internal.Invoker.invokeConfigurations(Invoker.java:213)
	at org.testng.internal.Invoker.invokeMethod(Invoker.java:786)
	at org.testng.internal.Invoker.invokeTestMethod(Invoker.java:901)
	at org.testng.internal.Invoker.invokeTestMethods(Invoker.java:1231)
	at org.testng.internal.TestMethodWorker.invokeTestMethods(TestMethodWorker.java:127)
	at org.testng.internal.TestMethodWorker.run(TestMethodWorker.java:111)
	at org.testng.TestRunner.privateRun(TestRunner.java:767)
	at org.testng.TestRunner.run(TestRunner.java:617)
	at org.testng.SuiteRunner.runTest(SuiteRunner.java:334)
	at org.testng.SuiteRunner.runSequentially(SuiteRunner.java:329)
	at org.testng.SuiteRunner.privateRun(SuiteRunner.java:291)
	at org.testng.SuiteRunner.run(SuiteRunner.java:240)
	at org.testng.SuiteRunnerWorker.runSuite(SuiteRunnerWorker.java:52)
	at org.testng.SuiteRunnerWorker.run(SuiteRunnerWorker.java:86)
	at org.testng.TestNG.runSuitesSequentially(TestNG.java:1224)
	at org.testng.TestNG.runSuitesLocally(TestNG.java:1149)
	at org.testng.TestNG.run(TestNG.java:1057)
	at org.testng.remote.RemoteTestNG.run(RemoteTestNG.java:111)
	at org.testng.remote.RemoteTestNG.initAndRun(RemoteTestNG.java:204)
	at org.testng.remote.RemoteTestNG.main(RemoteTestNG.java:175)
]]>
            </full-stacktrace>
          </exception> <!-- org.openqa.selenium.StaleElementReferenceException -->
          <reporter-output>
          </reporter-output>
        </test-method> <!-- configAfterMtd -->
        <test-method status="SKIP" signature="configAfterClass()[pri:0, instance:com.actitime.usertest.USerTest@c67f69]" name="configAfterClass" is-config="true" duration-ms="0" started-at="2015-12-04T20:39:16Z" finished-at="2015-12-04T20:39:16Z">
          <reporter-output>
          </reporter-output>
        </test-method> <!-- configAfterClass -->
      </class> <!-- com.actitime.usertest.USerTest -->
    </test> <!-- Test -->
  </suite> <!-- Suite -->
</testng-results>
