<?xml version="1.0" encoding="UTF-8"?>
<!-- Generated by org.testng.reporters.JUnitXMLReporter -->
<testsuite hostname="Sony-PC" name="Test" tests="3" failures="2" timestamp="4 Mar 2016 08:35:59 GMT" time="61.873" errors="0">
  <testcase name="firefoxTest" time="31.814" classname="pack1.ActitimeDdt">
    <failure type="java.lang.AssertionError" message="invalid credentials expected [true] but found [false]">
      <![CDATA[java.lang.AssertionError: invalid credentials expected [true] but found [false]
	at pack1.ActitimeDdt.firefoxTest(ActitimeDdt.java:27)
... Removed 27 stack frames]]>
    </failure>
  </testcase> <!-- firefoxTest -->
  <testcase name="firefoxTest" time="16.191" classname="pack1.ActitimeDdt"/>
  <testcase name="firefoxTest" time="13.814" classname="pack1.ActitimeDdt">
    <failure type="java.lang.AssertionError" message="invalid credentials expected [true] but found [false]">
      <![CDATA[java.lang.AssertionError: invalid credentials expected [true] but found [false]
	at pack1.ActitimeDdt.firefoxTest(ActitimeDdt.java:27)
... Removed 27 stack frames]]>
    </failure>
  </testcase> <!-- firefoxTest -->
</testsuite> <!-- Test -->
